INFO - 2023-06-26 09:34:08 --> Session: Class initialized using 'CodeIgniter\Session\Handlers\FileHandler' driver.
INFO - 2023-06-26 09:34:08 --> Session: Class initialized using 'CodeIgniter\Session\Handlers\FileHandler' driver.
INFO - 2023-06-26 09:34:40 --> Session: Class initialized using 'CodeIgniter\Session\Handlers\FileHandler' driver.
INFO - 2023-06-26 09:34:41 --> Session: Class initialized using 'CodeIgniter\Session\Handlers\FileHandler' driver.
INFO - 2023-06-26 09:34:52 --> Session: Class initialized using 'CodeIgniter\Session\Handlers\FileHandler' driver.
INFO - 2023-06-26 09:34:52 --> Session: Class initialized using 'CodeIgniter\Session\Handlers\FileHandler' driver.
INFO - 2023-06-26 09:34:57 --> Session: Class initialized using 'CodeIgniter\Session\Handlers\FileHandler' driver.
INFO - 2023-06-26 09:34:57 --> Cart Class Initialized
INFO - 2023-06-26 09:35:01 --> Session: Class initialized using 'CodeIgniter\Session\Handlers\FileHandler' driver.
INFO - 2023-06-26 09:35:02 --> Session: Class initialized using 'CodeIgniter\Session\Handlers\FileHandler' driver.
INFO - 2023-06-26 09:35:03 --> Cart Class Initialized
INFO - 2023-06-26 09:35:03 --> Session: Class initialized using 'CodeIgniter\Session\Handlers\FileHandler' driver.
INFO - 2023-06-26 09:35:05 --> Session: Class initialized using 'CodeIgniter\Session\Handlers\FileHandler' driver.
INFO - 2023-06-26 09:35:05 --> Cart Class Initialized
INFO - 2023-06-26 09:35:05 --> Session: Class initialized using 'CodeIgniter\Session\Handlers\FileHandler' driver.
INFO - 2023-06-26 09:35:07 --> Session: Class initialized using 'CodeIgniter\Session\Handlers\FileHandler' driver.
INFO - 2023-06-26 09:35:07 --> Cart Class Initialized
INFO - 2023-06-26 09:39:12 --> Session: Class initialized using 'CodeIgniter\Session\Handlers\FileHandler' driver.
INFO - 2023-06-26 09:39:12 --> Cart Class Initialized
INFO - 2023-06-26 09:39:18 --> Session: Class initialized using 'CodeIgniter\Session\Handlers\FileHandler' driver.
INFO - 2023-06-26 09:39:18 --> Cart Class Initialized
INFO - 2023-06-26 09:39:39 --> Session: Class initialized using 'CodeIgniter\Session\Handlers\FileHandler' driver.
INFO - 2023-06-26 09:39:39 --> Cart Class Initialized
INFO - 2023-06-26 09:41:00 --> Session: Class initialized using 'CodeIgniter\Session\Handlers\FileHandler' driver.
INFO - 2023-06-26 09:41:00 --> Cart Class Initialized
INFO - 2023-06-26 09:41:02 --> Session: Class initialized using 'CodeIgniter\Session\Handlers\FileHandler' driver.
INFO - 2023-06-26 09:41:02 --> Cart Class Initialized
INFO - 2023-06-26 09:41:04 --> Session: Class initialized using 'CodeIgniter\Session\Handlers\FileHandler' driver.
INFO - 2023-06-26 09:41:04 --> Cart Class Initialized
INFO - 2023-06-26 09:41:05 --> Session: Class initialized using 'CodeIgniter\Session\Handlers\FileHandler' driver.
INFO - 2023-06-26 09:41:05 --> Cart Class Initialized
INFO - 2023-06-26 09:41:16 --> Session: Class initialized using 'CodeIgniter\Session\Handlers\FileHandler' driver.
INFO - 2023-06-26 09:41:16 --> Cart Class Initialized
ERROR - 2023-06-26 09:41:16 --> mysqli_sql_exception: Unknown column 'created_by' in 'field list' in C:\xampp\htdocs\PWL_sem2\week10\latihan_ci4\system\Database\MySQLi\Connection.php:295
Stack trace:
#0 C:\xampp\htdocs\PWL_sem2\week10\latihan_ci4\system\Database\MySQLi\Connection.php(295): mysqli->query('INSERT INTO `tr...', 0)
#1 C:\xampp\htdocs\PWL_sem2\week10\latihan_ci4\system\Database\BaseConnection.php(692): CodeIgniter\Database\MySQLi\Connection->execute('INSERT INTO `tr...')
#2 C:\xampp\htdocs\PWL_sem2\week10\latihan_ci4\system\Database\BaseConnection.php(606): CodeIgniter\Database\BaseConnection->simpleQuery('INSERT INTO `tr...')
#3 C:\xampp\htdocs\PWL_sem2\week10\latihan_ci4\system\Database\BaseBuilder.php(2309): CodeIgniter\Database\BaseConnection->query('INSERT INTO `tr...', Array, false)
#4 C:\xampp\htdocs\PWL_sem2\week10\latihan_ci4\system\Model.php(330): CodeIgniter\Database\BaseBuilder->insert()
#5 C:\xampp\htdocs\PWL_sem2\week10\latihan_ci4\system\BaseModel.php(782): CodeIgniter\Model->doInsert(Array)
#6 C:\xampp\htdocs\PWL_sem2\week10\latihan_ci4\system\Model.php(730): CodeIgniter\BaseModel->insert(Array, true)
#7 C:\xampp\htdocs\PWL_sem2\week10\latihan_ci4\app\Controllers\TransaksiController.php(194): CodeIgniter\Model->insert(Array)
#8 C:\xampp\htdocs\PWL_sem2\week10\latihan_ci4\system\CodeIgniter.php(934): App\Controllers\TransaksiController->buy()
#9 C:\xampp\htdocs\PWL_sem2\week10\latihan_ci4\system\CodeIgniter.php(499): CodeIgniter\CodeIgniter->runController(Object(App\Controllers\TransaksiController))
#10 C:\xampp\htdocs\PWL_sem2\week10\latihan_ci4\system\CodeIgniter.php(368): CodeIgniter\CodeIgniter->handleRequest(NULL, Object(Config\Cache), false)
#11 C:\xampp\htdocs\PWL_sem2\week10\latihan_ci4\index.php(67): CodeIgniter\CodeIgniter->run()
#12 {main}
CRITICAL - 2023-06-26 09:41:16 --> Unknown column 'created_by' in 'field list'
in SYSTEMPATH\Database\MySQLi\Connection.php on line 295.
 1 SYSTEMPATH\Database\MySQLi\Connection.php(295): mysqli->query('INSERT INTO `transaksi_detail` (`id_transaksi`, `id_barang`, `jumlah`, `diskon`, `subtotal_harga`, `created_by`, `created_date`) VALUES (1, \'1\', 1, 0, 3000, \'oka\', \'2023-06-26 09:41:16\')', 0)
 2 SYSTEMPATH\Database\BaseConnection.php(692): CodeIgniter\Database\MySQLi\Connection->execute('INSERT INTO `transaksi_detail` (`id_transaksi`, `id_barang`, `jumlah`, `diskon`, `subtotal_harga`, `created_by`, `created_date`) VALUES (1, \'1\', 1, 0, 3000, \'oka\', \'2023-06-26 09:41:16\')')
 3 SYSTEMPATH\Database\BaseConnection.php(606): CodeIgniter\Database\BaseConnection->simpleQuery('INSERT INTO `transaksi_detail` (`id_transaksi`, `id_barang`, `jumlah`, `diskon`, `subtotal_harga`, `created_by`, `created_date`) VALUES (1, \'1\', 1, 0, 3000, \'oka\', \'2023-06-26 09:41:16\')')
 4 SYSTEMPATH\Database\BaseBuilder.php(2309): CodeIgniter\Database\BaseConnection->query('INSERT INTO `transaksi_detail` (`id_transaksi`, `id_barang`, `jumlah`, `diskon`, `subtotal_harga`, `created_by`, `created_date`) VALUES (:id_transaksi:, :id_barang:, :jumlah:, :diskon:, :subtotal_harga:, :created_by:, :created_date:)', [...], false)
 5 SYSTEMPATH\Model.php(330): CodeIgniter\Database\BaseBuilder->insert()
 6 SYSTEMPATH\BaseModel.php(782): CodeIgniter\Model->doInsert([...])
 7 SYSTEMPATH\Model.php(730): CodeIgniter\BaseModel->insert([...], true)
 8 APPPATH\Controllers\TransaksiController.php(194): CodeIgniter\Model->insert([...])
 9 SYSTEMPATH\CodeIgniter.php(934): App\Controllers\TransaksiController->buy()
10 SYSTEMPATH\CodeIgniter.php(499): CodeIgniter\CodeIgniter->runController(Object(App\Controllers\TransaksiController))
11 SYSTEMPATH\CodeIgniter.php(368): CodeIgniter\CodeIgniter->handleRequest(null, Object(Config\Cache), false)
12 FCPATH\index.php(67): CodeIgniter\CodeIgniter->run()
INFO - 2023-06-26 09:42:18 --> Session: Class initialized using 'CodeIgniter\Session\Handlers\FileHandler' driver.
INFO - 2023-06-26 09:42:18 --> Cart Class Initialized
INFO - 2023-06-26 09:42:32 --> Session: Class initialized using 'CodeIgniter\Session\Handlers\FileHandler' driver.
INFO - 2023-06-26 09:42:32 --> Cart Class Initialized
INFO - 2023-06-26 09:42:47 --> Session: Class initialized using 'CodeIgniter\Session\Handlers\FileHandler' driver.
INFO - 2023-06-26 09:42:47 --> Cart Class Initialized
INFO - 2023-06-26 09:46:49 --> Session: Class initialized using 'CodeIgniter\Session\Handlers\FileHandler' driver.
INFO - 2023-06-26 09:46:49 --> Cart Class Initialized
ERROR - 2023-06-26 09:46:49 --> mysqli_sql_exception: Unknown column 'created_by' in 'field list' in C:\xampp\htdocs\PWL_sem2\week10\latihan_ci4\system\Database\MySQLi\Connection.php:295
Stack trace:
#0 C:\xampp\htdocs\PWL_sem2\week10\latihan_ci4\system\Database\MySQLi\Connection.php(295): mysqli->query('INSERT INTO `tr...', 0)
#1 C:\xampp\htdocs\PWL_sem2\week10\latihan_ci4\system\Database\BaseConnection.php(692): CodeIgniter\Database\MySQLi\Connection->execute('INSERT INTO `tr...')
#2 C:\xampp\htdocs\PWL_sem2\week10\latihan_ci4\system\Database\BaseConnection.php(606): CodeIgniter\Database\BaseConnection->simpleQuery('INSERT INTO `tr...')
#3 C:\xampp\htdocs\PWL_sem2\week10\latihan_ci4\system\Database\BaseBuilder.php(2309): CodeIgniter\Database\BaseConnection->query('INSERT INTO `tr...', Array, false)
#4 C:\xampp\htdocs\PWL_sem2\week10\latihan_ci4\system\Model.php(330): CodeIgniter\Database\BaseBuilder->insert()
#5 C:\xampp\htdocs\PWL_sem2\week10\latihan_ci4\system\BaseModel.php(782): CodeIgniter\Model->doInsert(Array)
#6 C:\xampp\htdocs\PWL_sem2\week10\latihan_ci4\system\Model.php(730): CodeIgniter\BaseModel->insert(Array, true)
#7 C:\xampp\htdocs\PWL_sem2\week10\latihan_ci4\app\Controllers\TransaksiController.php(194): CodeIgniter\Model->insert(Array)
#8 C:\xampp\htdocs\PWL_sem2\week10\latihan_ci4\system\CodeIgniter.php(934): App\Controllers\TransaksiController->buy()
#9 C:\xampp\htdocs\PWL_sem2\week10\latihan_ci4\system\CodeIgniter.php(499): CodeIgniter\CodeIgniter->runController(Object(App\Controllers\TransaksiController))
#10 C:\xampp\htdocs\PWL_sem2\week10\latihan_ci4\system\CodeIgniter.php(368): CodeIgniter\CodeIgniter->handleRequest(NULL, Object(Config\Cache), false)
#11 C:\xampp\htdocs\PWL_sem2\week10\latihan_ci4\index.php(67): CodeIgniter\CodeIgniter->run()
#12 {main}
CRITICAL - 2023-06-26 09:46:49 --> Unknown column 'created_by' in 'field list'
in SYSTEMPATH\Database\MySQLi\Connection.php on line 295.
 1 SYSTEMPATH\Database\MySQLi\Connection.php(295): mysqli->query('INSERT INTO `transaksi_detail` (`id_transaksi`, `id_barang`, `jumlah`, `diskon`, `subtotal_harga`, `created_by`, `created_date`) VALUES (2, \'1\', 1, 0, 3000, \'oka\', \'2023-06-26 09:46:49\')', 0)
 2 SYSTEMPATH\Database\BaseConnection.php(692): CodeIgniter\Database\MySQLi\Connection->execute('INSERT INTO `transaksi_detail` (`id_transaksi`, `id_barang`, `jumlah`, `diskon`, `subtotal_harga`, `created_by`, `created_date`) VALUES (2, \'1\', 1, 0, 3000, \'oka\', \'2023-06-26 09:46:49\')')
 3 SYSTEMPATH\Database\BaseConnection.php(606): CodeIgniter\Database\BaseConnection->simpleQuery('INSERT INTO `transaksi_detail` (`id_transaksi`, `id_barang`, `jumlah`, `diskon`, `subtotal_harga`, `created_by`, `created_date`) VALUES (2, \'1\', 1, 0, 3000, \'oka\', \'2023-06-26 09:46:49\')')
 4 SYSTEMPATH\Database\BaseBuilder.php(2309): CodeIgniter\Database\BaseConnection->query('INSERT INTO `transaksi_detail` (`id_transaksi`, `id_barang`, `jumlah`, `diskon`, `subtotal_harga`, `created_by`, `created_date`) VALUES (:id_transaksi:, :id_barang:, :jumlah:, :diskon:, :subtotal_harga:, :created_by:, :created_date:)', [...], false)
 5 SYSTEMPATH\Model.php(330): CodeIgniter\Database\BaseBuilder->insert()
 6 SYSTEMPATH\BaseModel.php(782): CodeIgniter\Model->doInsert([...])
 7 SYSTEMPATH\Model.php(730): CodeIgniter\BaseModel->insert([...], true)
 8 APPPATH\Controllers\TransaksiController.php(194): CodeIgniter\Model->insert([...])
 9 SYSTEMPATH\CodeIgniter.php(934): App\Controllers\TransaksiController->buy()
10 SYSTEMPATH\CodeIgniter.php(499): CodeIgniter\CodeIgniter->runController(Object(App\Controllers\TransaksiController))
11 SYSTEMPATH\CodeIgniter.php(368): CodeIgniter\CodeIgniter->handleRequest(null, Object(Config\Cache), false)
12 FCPATH\index.php(67): CodeIgniter\CodeIgniter->run()
INFO - 2023-06-26 09:46:52 --> Session: Class initialized using 'CodeIgniter\Session\Handlers\FileHandler' driver.
INFO - 2023-06-26 09:46:52 --> Cart Class Initialized
INFO - 2023-06-26 09:46:59 --> Session: Class initialized using 'CodeIgniter\Session\Handlers\FileHandler' driver.
INFO - 2023-06-26 09:46:59 --> Cart Class Initialized
INFO - 2023-06-26 09:47:08 --> Session: Class initialized using 'CodeIgniter\Session\Handlers\FileHandler' driver.
INFO - 2023-06-26 09:47:08 --> Cart Class Initialized
INFO - 2023-06-26 09:47:14 --> Session: Class initialized using 'CodeIgniter\Session\Handlers\FileHandler' driver.
INFO - 2023-06-26 09:47:14 --> Cart Class Initialized
INFO - 2023-06-26 09:47:19 --> Session: Class initialized using 'CodeIgniter\Session\Handlers\FileHandler' driver.
INFO - 2023-06-26 09:47:19 --> Cart Class Initialized
INFO - 2023-06-26 09:47:28 --> Session: Class initialized using 'CodeIgniter\Session\Handlers\FileHandler' driver.
INFO - 2023-06-26 09:47:28 --> Cart Class Initialized
ERROR - 2023-06-26 09:47:28 --> mysqli_sql_exception: Unknown column 'created_by' in 'field list' in C:\xampp\htdocs\PWL_sem2\week10\latihan_ci4\system\Database\MySQLi\Connection.php:295
Stack trace:
#0 C:\xampp\htdocs\PWL_sem2\week10\latihan_ci4\system\Database\MySQLi\Connection.php(295): mysqli->query('INSERT INTO `tr...', 0)
#1 C:\xampp\htdocs\PWL_sem2\week10\latihan_ci4\system\Database\BaseConnection.php(692): CodeIgniter\Database\MySQLi\Connection->execute('INSERT INTO `tr...')
#2 C:\xampp\htdocs\PWL_sem2\week10\latihan_ci4\system\Database\BaseConnection.php(606): CodeIgniter\Database\BaseConnection->simpleQuery('INSERT INTO `tr...')
#3 C:\xampp\htdocs\PWL_sem2\week10\latihan_ci4\system\Database\BaseBuilder.php(2309): CodeIgniter\Database\BaseConnection->query('INSERT INTO `tr...', Array, false)
#4 C:\xampp\htdocs\PWL_sem2\week10\latihan_ci4\system\Model.php(330): CodeIgniter\Database\BaseBuilder->insert()
#5 C:\xampp\htdocs\PWL_sem2\week10\latihan_ci4\system\BaseModel.php(782): CodeIgniter\Model->doInsert(Array)
#6 C:\xampp\htdocs\PWL_sem2\week10\latihan_ci4\system\Model.php(730): CodeIgniter\BaseModel->insert(Array, true)
#7 C:\xampp\htdocs\PWL_sem2\week10\latihan_ci4\app\Controllers\TransaksiController.php(194): CodeIgniter\Model->insert(Array)
#8 C:\xampp\htdocs\PWL_sem2\week10\latihan_ci4\system\CodeIgniter.php(934): App\Controllers\TransaksiController->buy()
#9 C:\xampp\htdocs\PWL_sem2\week10\latihan_ci4\system\CodeIgniter.php(499): CodeIgniter\CodeIgniter->runController(Object(App\Controllers\TransaksiController))
#10 C:\xampp\htdocs\PWL_sem2\week10\latihan_ci4\system\CodeIgniter.php(368): CodeIgniter\CodeIgniter->handleRequest(NULL, Object(Config\Cache), false)
#11 C:\xampp\htdocs\PWL_sem2\week10\latihan_ci4\index.php(67): CodeIgniter\CodeIgniter->run()
#12 {main}
CRITICAL - 2023-06-26 09:47:28 --> Unknown column 'created_by' in 'field list'
in SYSTEMPATH\Database\MySQLi\Connection.php on line 295.
 1 SYSTEMPATH\Database\MySQLi\Connection.php(295): mysqli->query('INSERT INTO `transaksi_detail` (`id_transaksi`, `id_barang`, `jumlah`, `diskon`, `subtotal_harga`, `created_by`, `created_date`) VALUES (3, \'1\', 1, 0, 3000, \'oka\', \'2023-06-26 09:47:28\')', 0)
 2 SYSTEMPATH\Database\BaseConnection.php(692): CodeIgniter\Database\MySQLi\Connection->execute('INSERT INTO `transaksi_detail` (`id_transaksi`, `id_barang`, `jumlah`, `diskon`, `subtotal_harga`, `created_by`, `created_date`) VALUES (3, \'1\', 1, 0, 3000, \'oka\', \'2023-06-26 09:47:28\')')
 3 SYSTEMPATH\Database\BaseConnection.php(606): CodeIgniter\Database\BaseConnection->simpleQuery('INSERT INTO `transaksi_detail` (`id_transaksi`, `id_barang`, `jumlah`, `diskon`, `subtotal_harga`, `created_by`, `created_date`) VALUES (3, \'1\', 1, 0, 3000, \'oka\', \'2023-06-26 09:47:28\')')
 4 SYSTEMPATH\Database\BaseBuilder.php(2309): CodeIgniter\Database\BaseConnection->query('INSERT INTO `transaksi_detail` (`id_transaksi`, `id_barang`, `jumlah`, `diskon`, `subtotal_harga`, `created_by`, `created_date`) VALUES (:id_transaksi:, :id_barang:, :jumlah:, :diskon:, :subtotal_harga:, :created_by:, :created_date:)', [...], false)
 5 SYSTEMPATH\Model.php(330): CodeIgniter\Database\BaseBuilder->insert()
 6 SYSTEMPATH\BaseModel.php(782): CodeIgniter\Model->doInsert([...])
 7 SYSTEMPATH\Model.php(730): CodeIgniter\BaseModel->insert([...], true)
 8 APPPATH\Controllers\TransaksiController.php(194): CodeIgniter\Model->insert([...])
 9 SYSTEMPATH\CodeIgniter.php(934): App\Controllers\TransaksiController->buy()
10 SYSTEMPATH\CodeIgniter.php(499): CodeIgniter\CodeIgniter->runController(Object(App\Controllers\TransaksiController))
11 SYSTEMPATH\CodeIgniter.php(368): CodeIgniter\CodeIgniter->handleRequest(null, Object(Config\Cache), false)
12 FCPATH\index.php(67): CodeIgniter\CodeIgniter->run()
INFO - 2023-06-26 09:48:25 --> Session: Class initialized using 'CodeIgniter\Session\Handlers\FileHandler' driver.
INFO - 2023-06-26 09:48:25 --> Cart Class Initialized
INFO - 2023-06-26 09:49:17 --> Session: Class initialized using 'CodeIgniter\Session\Handlers\FileHandler' driver.
INFO - 2023-06-26 09:49:17 --> Cart Class Initialized
INFO - 2023-06-26 09:49:25 --> Session: Class initialized using 'CodeIgniter\Session\Handlers\FileHandler' driver.
INFO - 2023-06-26 09:49:25 --> Cart Class Initialized
INFO - 2023-06-26 09:49:25 --> Session: Class initialized using 'CodeIgniter\Session\Handlers\FileHandler' driver.
INFO - 2023-06-26 09:49:25 --> Cart Class Initialized
INFO - 2023-06-26 09:51:53 --> Session: Class initialized using 'CodeIgniter\Session\Handlers\FileHandler' driver.
INFO - 2023-06-26 09:52:23 --> Session: Class initialized using 'CodeIgniter\Session\Handlers\FileHandler' driver.
INFO - 2023-06-26 09:52:23 --> Cart Class Initialized
INFO - 2023-06-26 09:52:23 --> Session: Class initialized using 'CodeIgniter\Session\Handlers\FileHandler' driver.
INFO - 2023-06-26 09:52:25 --> Session: Class initialized using 'CodeIgniter\Session\Handlers\FileHandler' driver.
INFO - 2023-06-26 09:52:25 --> Cart Class Initialized
INFO - 2023-06-26 09:52:25 --> Session: Class initialized using 'CodeIgniter\Session\Handlers\FileHandler' driver.
INFO - 2023-06-26 09:52:29 --> Session: Class initialized using 'CodeIgniter\Session\Handlers\FileHandler' driver.
INFO - 2023-06-26 09:52:29 --> Cart Class Initialized
INFO - 2023-06-26 09:52:29 --> Session: Class initialized using 'CodeIgniter\Session\Handlers\FileHandler' driver.
INFO - 2023-06-26 09:52:31 --> Session: Class initialized using 'CodeIgniter\Session\Handlers\FileHandler' driver.
INFO - 2023-06-26 09:52:31 --> Cart Class Initialized
INFO - 2023-06-26 09:52:34 --> Session: Class initialized using 'CodeIgniter\Session\Handlers\FileHandler' driver.
INFO - 2023-06-26 09:52:34 --> Cart Class Initialized
INFO - 2023-06-26 09:52:44 --> Session: Class initialized using 'CodeIgniter\Session\Handlers\FileHandler' driver.
INFO - 2023-06-26 09:52:44 --> Cart Class Initialized
INFO - 2023-06-26 09:52:51 --> Session: Class initialized using 'CodeIgniter\Session\Handlers\FileHandler' driver.
INFO - 2023-06-26 09:52:51 --> Cart Class Initialized
INFO - 2023-06-26 09:53:01 --> Session: Class initialized using 'CodeIgniter\Session\Handlers\FileHandler' driver.
INFO - 2023-06-26 09:53:01 --> Cart Class Initialized
INFO - 2023-06-26 09:53:01 --> Session: Class initialized using 'CodeIgniter\Session\Handlers\FileHandler' driver.
INFO - 2023-06-26 09:53:01 --> Cart Class Initialized
INFO - 2023-06-26 09:56:48 --> Session: Class initialized using 'CodeIgniter\Session\Handlers\FileHandler' driver.
INFO - 2023-06-26 09:56:50 --> Session: Class initialized using 'CodeIgniter\Session\Handlers\FileHandler' driver.
INFO - 2023-06-26 09:56:50 --> Cart Class Initialized
INFO - 2023-06-26 09:56:50 --> Session: Class initialized using 'CodeIgniter\Session\Handlers\FileHandler' driver.
INFO - 2023-06-26 09:56:52 --> Session: Class initialized using 'CodeIgniter\Session\Handlers\FileHandler' driver.
INFO - 2023-06-26 09:56:52 --> Cart Class Initialized
INFO - 2023-06-26 09:56:52 --> Session: Class initialized using 'CodeIgniter\Session\Handlers\FileHandler' driver.
INFO - 2023-06-26 09:56:55 --> Session: Class initialized using 'CodeIgniter\Session\Handlers\FileHandler' driver.
INFO - 2023-06-26 09:56:55 --> Cart Class Initialized
INFO - 2023-06-26 09:56:55 --> Session: Class initialized using 'CodeIgniter\Session\Handlers\FileHandler' driver.
INFO - 2023-06-26 09:56:56 --> Session: Class initialized using 'CodeIgniter\Session\Handlers\FileHandler' driver.
INFO - 2023-06-26 09:56:56 --> Cart Class Initialized
INFO - 2023-06-26 09:56:59 --> Session: Class initialized using 'CodeIgniter\Session\Handlers\FileHandler' driver.
INFO - 2023-06-26 09:56:59 --> Cart Class Initialized
INFO - 2023-06-26 09:57:10 --> Session: Class initialized using 'CodeIgniter\Session\Handlers\FileHandler' driver.
INFO - 2023-06-26 09:57:10 --> Cart Class Initialized
INFO - 2023-06-26 09:57:15 --> Session: Class initialized using 'CodeIgniter\Session\Handlers\FileHandler' driver.
INFO - 2023-06-26 09:57:15 --> Cart Class Initialized
INFO - 2023-06-26 09:57:21 --> Session: Class initialized using 'CodeIgniter\Session\Handlers\FileHandler' driver.
INFO - 2023-06-26 09:57:21 --> Cart Class Initialized
INFO - 2023-06-26 09:57:21 --> Session: Class initialized using 'CodeIgniter\Session\Handlers\FileHandler' driver.
INFO - 2023-06-26 09:57:21 --> Cart Class Initialized
INFO - 2023-06-26 10:29:38 --> Session: Class initialized using 'CodeIgniter\Session\Handlers\FileHandler' driver.
INFO - 2023-06-26 10:29:38 --> Session: Class initialized using 'CodeIgniter\Session\Handlers\FileHandler' driver.
INFO - 2023-06-26 10:30:23 --> Session: Class initialized using 'CodeIgniter\Session\Handlers\FileHandler' driver.
INFO - 2023-06-26 10:30:23 --> Session: Class initialized using 'CodeIgniter\Session\Handlers\FileHandler' driver.
INFO - 2023-06-26 10:30:27 --> Session: Class initialized using 'CodeIgniter\Session\Handlers\FileHandler' driver.
INFO - 2023-06-26 10:30:27 --> Cart Class Initialized
INFO - 2023-06-26 10:30:27 --> Session: Class initialized using 'CodeIgniter\Session\Handlers\FileHandler' driver.
INFO - 2023-06-26 10:30:29 --> Session: Class initialized using 'CodeIgniter\Session\Handlers\FileHandler' driver.
INFO - 2023-06-26 10:30:29 --> Cart Class Initialized
INFO - 2023-06-26 10:30:29 --> Session: Class initialized using 'CodeIgniter\Session\Handlers\FileHandler' driver.
INFO - 2023-06-26 10:30:31 --> Session: Class initialized using 'CodeIgniter\Session\Handlers\FileHandler' driver.
INFO - 2023-06-26 10:30:31 --> Cart Class Initialized
INFO - 2023-06-26 10:30:35 --> Session: Class initialized using 'CodeIgniter\Session\Handlers\FileHandler' driver.
INFO - 2023-06-26 10:30:35 --> Cart Class Initialized
INFO - 2023-06-26 10:30:43 --> Session: Class initialized using 'CodeIgniter\Session\Handlers\FileHandler' driver.
INFO - 2023-06-26 10:30:43 --> Cart Class Initialized
INFO - 2023-06-26 10:31:00 --> Session: Class initialized using 'CodeIgniter\Session\Handlers\FileHandler' driver.
INFO - 2023-06-26 10:31:00 --> Cart Class Initialized
INFO - 2023-06-26 10:31:08 --> Session: Class initialized using 'CodeIgniter\Session\Handlers\FileHandler' driver.
INFO - 2023-06-26 10:31:08 --> Cart Class Initialized
INFO - 2023-06-26 10:31:15 --> Session: Class initialized using 'CodeIgniter\Session\Handlers\FileHandler' driver.
INFO - 2023-06-26 10:31:15 --> Cart Class Initialized
INFO - 2023-06-26 10:31:15 --> Session: Class initialized using 'CodeIgniter\Session\Handlers\FileHandler' driver.
INFO - 2023-06-26 10:31:15 --> Cart Class Initialized
INFO - 2023-06-26 10:36:38 --> Session: Class initialized using 'CodeIgniter\Session\Handlers\FileHandler' driver.
INFO - 2023-06-26 12:56:10 --> Session: Class initialized using 'CodeIgniter\Session\Handlers\FileHandler' driver.
INFO - 2023-06-26 12:56:10 --> Session: Class initialized using 'CodeIgniter\Session\Handlers\FileHandler' driver.
INFO - 2023-06-26 12:56:20 --> Session: Class initialized using 'CodeIgniter\Session\Handlers\FileHandler' driver.
INFO - 2023-06-26 12:56:20 --> Session: Class initialized using 'CodeIgniter\Session\Handlers\FileHandler' driver.
INFO - 2023-06-26 12:56:23 --> Session: Class initialized using 'CodeIgniter\Session\Handlers\FileHandler' driver.
INFO - 2023-06-26 12:56:23 --> Cart Class Initialized
INFO - 2023-06-26 12:56:23 --> Session: Class initialized using 'CodeIgniter\Session\Handlers\FileHandler' driver.
INFO - 2023-06-26 12:56:26 --> Session: Class initialized using 'CodeIgniter\Session\Handlers\FileHandler' driver.
INFO - 2023-06-26 12:56:26 --> Cart Class Initialized
INFO - 2023-06-26 12:56:26 --> Session: Class initialized using 'CodeIgniter\Session\Handlers\FileHandler' driver.
INFO - 2023-06-26 12:56:27 --> Session: Class initialized using 'CodeIgniter\Session\Handlers\FileHandler' driver.
INFO - 2023-06-26 12:56:27 --> Cart Class Initialized
INFO - 2023-06-26 12:58:21 --> Session: Class initialized using 'CodeIgniter\Session\Handlers\FileHandler' driver.
INFO - 2023-06-26 12:58:44 --> Session: Class initialized using 'CodeIgniter\Session\Handlers\FileHandler' driver.
INFO - 2023-06-26 12:58:44 --> Cart Class Initialized
INFO - 2023-06-26 12:58:47 --> Session: Class initialized using 'CodeIgniter\Session\Handlers\FileHandler' driver.
INFO - 2023-06-26 12:59:24 --> Session: Class initialized using 'CodeIgniter\Session\Handlers\FileHandler' driver.
INFO - 2023-06-26 12:59:24 --> Cart Class Initialized
INFO - 2023-06-26 12:59:33 --> Session: Class initialized using 'CodeIgniter\Session\Handlers\FileHandler' driver.
INFO - 2023-06-26 13:03:32 --> Session: Class initialized using 'CodeIgniter\Session\Handlers\FileHandler' driver.
